#
# There is insufficient memory for the Java Runtime Environment to continue.
# Native memory allocation (mmap) failed to map 65536 bytes. Error detail: Failed to commit metaspace.
# Possible reasons:
#   The system is out of physical RAM or swap space
#   This process is running with CompressedOops enabled, and the Java Heap may be blocking the growth of the native heap
# Possible solutions:
#   Reduce memory load on the system
#   Increase physical memory or swap space
#   Check if swap backing store is full
#   Decrease Java heap size (-Xmx/-Xms)
#   Decrease number of Java threads
#   Decrease Java thread stack sizes (-Xss)
#   Set larger code cache with -XX:ReservedCodeCacheSize=
#   JVM is running with Zero Based Compressed Oops mode in which the Java heap is
#     placed in the first 32GB address space. The Java Heap base address is the
#     maximum limit for the native heap growth. Please use -XX:HeapBaseMinAddress
#     to set the Java Heap base and to place the Java Heap above 32GB virtual address.
# This output file may be truncated or incomplete.
#
#  Out of Memory Error (virtualSpaceNode.cpp:113), pid=26880, tid=16332
#
# JRE version: OpenJDK Runtime Environment Temurin-21.0.10+7 (21.0.10+7) (build 21.0.10+7-LTS)
# Java VM: OpenJDK 64-Bit Server VM Temurin-21.0.10+7 (21.0.10+7-LTS, mixed mode, sharing, tiered, compressed oops, compressed class ptrs, g1 gc, windows-amd64)
# No core dump will be written. Minidumps are not enabled by default on client versions of Windows
#

---------------  S U M M A R Y ------------

Command Line: -Dapplication.home=c:\Users\KRISHNANSOURAV\.vscode\extensions\redhat.java-1.53.0-win32-x64\jre\21.0.10-win32-x86_64 -Xms8m -Djdk.module.main=jdk.jcmd jdk.jcmd/sun.tools.jcmd.JCmd 15132 VM.uptime

Host: 11th Gen Intel(R) Core(TM) i7-1165G7 @ 2.80GHz, 8 cores, 15G,  Windows 11 , 64 bit Build 22621 (10.0.22621.5415)
Time: Sat Mar 28 11:57:26 2026 India Standard Time elapsed time: 0.134059 seconds (0d 0h 0m 0s)

---------------  T H R E A D  ---------------

Current thread (0x000001da1b88ac60):  JavaThread "main"             [_thread_in_vm, id=16332, stack(0x000000d52ea00000,0x000000d52eb00000) (1024K)]

Stack: [0x000000d52ea00000,0x000000d52eb00000]
Native frames: (J=compiled Java code, j=interpreted, Vv=VM code, C=native code)
V  [jvm.dll+0x6d7a39]
V  [jvm.dll+0x8b4b26]
V  [jvm.dll+0x8b70de]
V  [jvm.dll+0x8b77c3]
V  [jvm.dll+0x284346]
V  [jvm.dll+0x8b086e]
V  [jvm.dll+0x679444]
V  [jvm.dll+0x6794aa]
V  [jvm.dll+0x67bca6]
V  [jvm.dll+0x67bb72]
V  [jvm.dll+0x679e1e]
V  [jvm.dll+0x6840c8]
V  [jvm.dll+0x21955e]
V  [jvm.dll+0x219a05]
V  [jvm.dll+0x21a3f8]
V  [jvm.dll+0x20f62e]
V  [jvm.dll+0x5b644f]
V  [jvm.dll+0x22168e]
V  [jvm.dll+0x82e12d]
V  [jvm.dll+0x82f15b]
V  [jvm.dll+0x82f724]
V  [jvm.dll+0x7a0597]
V  [jvm.dll+0x82c851]
V  [jvm.dll+0x693bb6]
V  [jvm.dll+0x82dd28]
V  [jvm.dll+0x27377e]
V  [jvm.dll+0x26ff63]
V  [jvm.dll+0x146c90]
V  [jvm.dll+0x146fda]
V  [jvm.dll+0x82d442]
V  [jvm.dll+0x5dc8e9]
V  [jvm.dll+0x5dc77b]
V  [jvm.dll+0x3e03da]
C  0x000001da25fda7d2

The last pc belongs to invokedynamic (printed below).
Java frames: (J=compiled Java code, j=interpreted, Vv=VM code)
j  sun.tools.attach.HotSpotVirtualMachine.pid()J+0 jdk.attach@21.0.10
j  sun.tools.attach.HotSpotVirtualMachine.<clinit>()V+0 jdk.attach@21.0.10
v  ~StubRoutines::call_stub 0x000001da25fc10e7
j  sun.tools.attach.AttachProviderImpl.attachVirtualMachine(Ljava/lang/String;)Lcom/sun/tools/attach/VirtualMachine;+9 jdk.attach@21.0.10
j  com.sun.tools.attach.VirtualMachine.attach(Ljava/lang/String;)Lcom/sun/tools/attach/VirtualMachine;+69 jdk.attach@21.0.10
j  sun.tools.jcmd.JCmd.executeCommandForPid(Ljava/lang/String;Ljava/lang/String;)V+1 jdk.jcmd@21.0.10
j  sun.tools.jcmd.JCmd.main([Ljava/lang/String;)V+255 jdk.jcmd@21.0.10
v  ~StubRoutines::call_stub 0x000001da25fc10e7
invokedynamic  186 invokedynamic  [0x000001da25fda720, 0x000001da25fda9f0]  720 bytes
[MachCode]
  0x000001da25fda720: 4883 ec08 | c5fa 1104 | 24eb 1f48 | 83ec 10c5 | fb11 0424 | eb14 4883 | ec10 4889 | 0424 48c7 
  0x000001da25fda740: 4424 0800 | 0000 00eb | 0150 4c89 | 6dc0 418b | 5501 f7d2 | 488b 4dd0 | 488b 4928 | c1e2 0448 
  0x000001da25fda760: 8d4c 1108 | 488b 1948 | 85db 0f85 | c100 0000 | bbba 0000 | 00e8 0500 | 0000 e999 | 0000 0048 
  0x000001da25fda780: 8bd3 488d | 4424 084c | 896d c049 | 8bcf c5f8 | 7749 89af | b003 0000 | 4989 87a0 | 0300 0048 
  0x000001da25fda7a0: 83ec 2040 | f6c4 0f0f | 8419 0000 | 0048 83ec | 0848 b830 | 0167 73fb | 7f00 00ff | d048 83c4 
  0x000001da25fda7c0: 08e9 0c00 | 0000 48b8 | 3001 6773 | fb7f 0000 | ffd0 4883 | c420 49c7 | 87a0 0300 | 0000 0000 
  0x000001da25fda7e0: 0049 c787 | b003 0000 | 0000 0000 | 49c7 87a8 | 0300 0000 | 0000 00c5 | f877 4983 | 7f08 000f 
  0x000001da25fda800: 8405 0000 | 00e9 f666 | feff 4c8b | 6dc0 4c8b | 75c8 4e8d | 74f5 00c3 | 418b 5501 | f7d2 488b 
  0x000001da25fda820: 4dd0 488b | 4928 c1e2 | 0448 8d4c | 1108 488b | 190f b651 | 0ff6 c202 | 0f84 2400 | 0000 0fb7 
  0x000001da25fda840: 5108 488b | 45e8 488b | 4008 488b | 4008 488b | 4010 488b | 4010 488b | 008b 4490 | 1048 c1e0 
  0x000001da25fda860: 0350 0fb6 | 510e 49ba | c0e4 f573 | fb7f 0000 | 498b 14d2 | 524c 8b6d | d84d 85ed | 0f84 1200 
  0x000001da25fda880: 0000 4983 | 4508 0149 | 835d 0800 | 4983 c510 | 4c89 6dd8 | 488b 55d8 | 4885 d20f | 843d 0100 
  0x000001da25fda8a0: 0080 7af0 | 0a0f 8533 | 0100 0048 | 83c2 084c | 8b6a f841 | 83ed 0041 | 83fd 020f | 8c12 0100 
  0x000001da25fda8c0: 004c 8b6b | 0845 0fb7 | 6d2e 4c2b | 2a41 83ed | 014e 8b6c | ec08 4d85 | ed75 0ef6 | 4208 0175 
  0x000001da25fda8e0: 58f0 4883 | 4a08 01eb | 5045 8b6d | 0849 ba00 | 0000 36da | 0100 004d | 03ea 4d8b | d54c 336a 
  0x000001da25fda900: 0849 f7c5 | fcff ffff | 742f 41f6 | c502 7529 | 4883 7a08 | 0074 1e48 | 837a 0801 | 7417 4d8b 
  0x000001da25fda920: ea4c 336a | 0849 f7c5 | fcff ffff | 740b 4883 | 4a08 02eb | 044c 896a | 0848 83c2 | 104c 8b6a 
  0x000001da25fda940: e841 83ed | 0241 83fd | 020f 8c84 | 0000 004c | 8b6b 0845 | 0fb7 6d2e | 4c2b 2a41 | 83ed 014e 
  0x000001da25fda960: 8b6c ec08 | 4d85 ed75 | 0ef6 4208 | 0175 58f0 | 4883 4a08 | 01eb 5045 | 8b6d 0849 | ba00 0000 
  0x000001da25fda980: 36da 0100 | 004d 03ea | 4d8b d54c | 336a 0849 | f7c5 fcff | ffff 742f | 41f6 c502 | 7529 4883 
  0x000001da25fda9a0: 7a08 0074 | 1e48 837a | 0801 7417 | 4d8b ea4c | 336a 0849 | f7c5 fcff | ffff 740b | 4883 4a08 
  0x000001da25fda9c0: 02eb 044c | 896a 0848 | 83c2 104c | 8b6a d841 | 83ed 0441 | c1e5 0349 | 03d5 4889 | 55d8 4c8d 
  0x000001da25fda9e0: 6c24 084c | 896d f0ff | 6350 660f | 1f44 0000 
[/MachCode]

---------------  P R O C E S S  ---------------

Threads class SMR info:
_java_thread_list=0x000001da357d4d60, length=13, elements={
0x000001da1b88ac60, 0x000001da3562df40, 0x000001da35631d80, 0x000001da35633f60,
0x000001da356349c0, 0x000001da35635420, 0x000001da35635fb0, 0x000001da35637880,
0x000001da356430f0, 0x000001da35781520, 0x000001da357b2fb0, 0x000001da35992dd0,
0x000001da3599d590
}

Java Threads: ( => current thread )
=>0x000001da1b88ac60 JavaThread "main"                              [_thread_in_vm, id=16332, stack(0x000000d52ea00000,0x000000d52eb00000) (1024K)]
  0x000001da3562df40 JavaThread "Reference Handler"          daemon [_thread_blocked, id=9452, stack(0x000000d52f200000,0x000000d52f300000) (1024K)]
  0x000001da35631d80 JavaThread "Finalizer"                  daemon [_thread_blocked, id=17816, stack(0x000000d52f300000,0x000000d52f400000) (1024K)]
  0x000001da35633f60 JavaThread "Signal Dispatcher"          daemon [_thread_blocked, id=14080, stack(0x000000d52f400000,0x000000d52f500000) (1024K)]
  0x000001da356349c0 JavaThread "Attach Listener"            daemon [_thread_blocked, id=26580, stack(0x000000d52f500000,0x000000d52f600000) (1024K)]
  0x000001da35635420 JavaThread "Service Thread"             daemon [_thread_blocked, id=2056, stack(0x000000d52f600000,0x000000d52f700000) (1024K)]
  0x000001da35635fb0 JavaThread "Monitor Deflation Thread"   daemon [_thread_blocked, id=12608, stack(0x000000d52f700000,0x000000d52f800000) (1024K)]
  0x000001da35637880 JavaThread "C2 CompilerThread0"         daemon [_thread_blocked, id=8628, stack(0x000000d52f800000,0x000000d52f900000) (1024K)]
  0x000001da356430f0 JavaThread "C1 CompilerThread0"         daemon [_thread_blocked, id=11952, stack(0x000000d52f900000,0x000000d52fa00000) (1024K)]
  0x000001da35781520 JavaThread "Notification Thread"        daemon [_thread_blocked, id=32108, stack(0x000000d52fa00000,0x000000d52fb00000) (1024K)]
  0x000001da357b2fb0 JavaThread "Common-Cleaner"             daemon [_thread_blocked, id=24532, stack(0x000000d52fb00000,0x000000d52fc00000) (1024K)]
  0x000001da35992dd0 JavaThread "C2 CompilerThread1"         daemon [_thread_in_native, id=17752, stack(0x000000d52fe00000,0x000000d52ff00000) (1024K)]
  0x000001da3599d590 JavaThread "C2 CompilerThread2"         daemon [_thread_in_native, id=13828, stack(0x000000d52ff00000,0x000000d530000000) (1024K)]
Total: 13

Other Threads:
  0x000001da35614920 VMThread "VM Thread"                           [id=5644, stack(0x000000d52f100000,0x000000d52f200000) (1024K)]
  0x000001da3560d790 WatcherThread "VM Periodic Task Thread"        [id=29820, stack(0x000000d52f000000,0x000000d52f100000) (1024K)]
  0x000001da1b8f2c80 WorkerThread "GC Thread#0"                     [id=32052, stack(0x000000d52eb00000,0x000000d52ec00000) (1024K)]
  0x000001da357ba390 WorkerThread "GC Thread#1"                     [id=16712, stack(0x000000d52fc00000,0x000000d52fd00000) (1024K)]
  0x000001da35968600 WorkerThread "GC Thread#2"                     [id=5992, stack(0x000000d52fd00000,0x000000d52fe00000) (1024K)]
  0x000001da1b903740 ConcurrentGCThread "G1 Main Marker"            [id=5896, stack(0x000000d52ec00000,0x000000d52ed00000) (1024K)]
  0x000001da1b904310 WorkerThread "G1 Conc#0"                       [id=18188, stack(0x000000d52ed00000,0x000000d52ee00000) (1024K)]
  0x000001da1b934240 ConcurrentGCThread "G1 Refine#0"               [id=6108, stack(0x000000d52ee00000,0x000000d52ef00000) (1024K)]
  0x000001da1b9364f0 ConcurrentGCThread "G1 Service"                [id=28776, stack(0x000000d52ef00000,0x000000d52f000000) (1024K)]
Total: 9

Threads with active compile tasks:
C2 CompilerThread1  162  366       4       java.io.StreamTokenizer::read (38 bytes)
C2 CompilerThread2  162  378       4       java.io.StreamTokenizer::nextToken (1266 bytes)
Total: 2

VM state: not at safepoint (normal execution)

VM Mutex/Monitor currently owned by a thread:  ([mutex/lock_event])
[0x00007ffb73f4c4e0] Metaspace_lock - owner thread: 0x000001da1b88ac60

Heap address: 0x0000000704400000, size: 4028 MB, Compressed Oops mode: Zero based, Oop shift amount: 3

CDS archive(s) mapped at: [0x000001da36000000-0x000001da36ba0000-0x000001da36ba0000), size 12189696, SharedBaseAddress: 0x000001da36000000, ArchiveRelocationMode: 1.
Compressed class space mapped at: 0x000001da37000000-0x000001da77000000, reserved size: 1073741824
Narrow klass base: 0x000001da36000000, Narrow klass shift: 0, Narrow klass range: 0x100000000

GC Precious Log:
 CardTable entry size: 512
 Card Set container configuration: InlinePtr #cards 4 size 8 Array Of Cards #cards 16 size 48 Howl #buckets 8 coarsen threshold 3686 Howl Bitmap #cards 512 size 80 coarsen threshold 460 Card regions per heap region 1 cards per card region 4096
 CPUs: 8 total, 8 available
 Memory: 16106M
 Large Page Support: Disabled
 NUMA Support: Disabled
 Compressed Oops: Enabled (Zero based)
 Heap Region Size: 2M
 Heap Min Capacity: 8M
 Heap Initial Capacity: 8M
 Heap Max Capacity: 4028M
 Pre-touch: Disabled
 Parallel Workers: 8
 Concurrent Workers: 2
 Concurrent Refinement Workers: 8
 Periodic GC: Disabled

Heap:
 garbage-first heap   total 8192K, used 896K [0x0000000704400000, 0x0000000800000000)
  region size 2048K, 2 young (4096K), 1 survivors (2048K)
 Metaspace       used 909K, committed 1024K, reserved 1114112K
  class space    used 94K, committed 192K, reserved 1048576K

Heap Regions: E=young(eden), S=young(survivor), O=old, HS=humongous(starts), HC=humongous(continues), CS=collection set, F=free, TAMS=top-at-mark-start, PB=parsable bottom
|   0|0x0000000704400000, 0x0000000704400000, 0x0000000704600000|  0%| F|  |TAMS 0x0000000704400000| PB 0x0000000704400000| Untracked 
|   1|0x0000000704600000, 0x0000000704600000, 0x0000000704800000|  0%| F|  |TAMS 0x0000000704600000| PB 0x0000000704600000| Untracked 
|   2|0x0000000704800000, 0x00000007048e0000, 0x0000000704a00000| 43%| S|CS|TAMS 0x0000000704800000| PB 0x0000000704800000| Complete 
|   3|0x0000000704a00000, 0x0000000704ae4ea8, 0x0000000704c00000| 44%| E|  |TAMS 0x0000000704a00000| PB 0x0000000704a00000| Complete 

Card table byte_map: [0x000001da2e5a0000,0x000001da2ed80000] _byte_map_base: 0x000001da2ad7e000

Marking Bits: (CMBitMap*) 0x000001da1b8f32a0
 Bits: [0x000001da2ed80000, 0x000001da32c70000)

Polling page: 0x000001da19770000

Metaspace:

Usage:
  Non-class:    814.52 KB used.
      Class:     94.78 KB used.
       Both:    909.30 KB used.

Virtual space:
  Non-class space:       64.00 MB reserved,     832.00 KB (  1%) committed,  1 nodes.
      Class space:        1.00 GB reserved,     192.00 KB ( <1%) committed,  1 nodes.
             Both:        1.06 GB reserved,       1.00 MB ( <1%) committed. 

Chunk freelists:
   Non-Class:  11.75 MB
       Class:  15.68 MB
        Both:  27.43 MB

MaxMetaspaceSize: unlimited
CompressedClassSpaceSize: 1.00 GB
Initial GC threshold: 21.00 MB
Current GC threshold: 21.00 MB
CDS: on
 - commit_granule_bytes: 65536.
 - commit_granule_words: 8192.
 - virtual_space_node_default_size: 8388608.
 - enlarge_chunks_in_place: 1.
 - use_allocation_guard: 0.


Internal statistics:

num_allocs_failed_limit: 0.
num_arena_births: 52.
num_arena_deaths: 0.
num_vsnodes_births: 2.
num_vsnodes_deaths: 0.
num_space_committed: 16.
num_space_uncommitted: 0.
num_chunks_returned_to_freelist: 0.
num_chunks_taken_from_freelist: 80.
num_chunk_merges: 0.
num_chunk_splits: 45.
num_chunks_enlarged: 25.
num_inconsistent_stats: 0.

CodeHeap 'non-profiled nmethods': size=120000Kb used=127Kb max_used=127Kb free=119872Kb
 bounds [0x000001da26560000, 0x000001da267d0000, 0x000001da2da90000]
CodeHeap 'profiled nmethods': size=120000Kb used=487Kb max_used=487Kb free=119512Kb
 bounds [0x000001da1ea90000, 0x000001da1ed00000, 0x000001da25fc0000]
CodeHeap 'non-nmethods': size=5760Kb used=1317Kb max_used=1333Kb free=4442Kb
 bounds [0x000001da25fc0000, 0x000001da26230000, 0x000001da26560000]
CodeCache: size=245760Kb, used=1931Kb, max_used=1947Kb, free=243826Kb
 total_blobs=773, nmethods=378, adapters=300, full_count=0
Compilation: enabled, stopped_count=0, restarted_count=0

Compilation events (20 events):
Event: 0.129 Thread 0x000001da356430f0  374       3       java.lang.String::rangeCheck (10 bytes)
Event: 0.129 Thread 0x000001da3599d590 nmethod 362 0x000001da2657ca10 code [0x000001da2657cba0, 0x000001da2657ccf0]
Event: 0.129 Thread 0x000001da356430f0 nmethod 374 0x000001da1eb08490 code [0x000001da1eb08660, 0x000001da1eb088d0]
Event: 0.130 Thread 0x000001da356430f0  376       3       sun.jvmstat.perfdata.monitor.AliasFileParser$Token::<init> (15 bytes)
Event: 0.130 Thread 0x000001da3599d590  378       4       java.io.StreamTokenizer::nextToken (1266 bytes)
Event: 0.130 Thread 0x000001da35992dd0 nmethod 361 0x000001da2657cd90 code [0x000001da2657cf20, 0x000001da2657d0c0]
Event: 0.130 Thread 0x000001da356430f0 nmethod 376 0x000001da1eb08a10 code [0x000001da1eb08bc0, 0x000001da1eb08d90]
Event: 0.130 Thread 0x000001da35992dd0  363       4       java.util.concurrent.locks.AbstractQueuedSynchronizer::signalNext (34 bytes)
Event: 0.130 Thread 0x000001da356430f0  377       3       java.lang.String::<init> (14 bytes)
Event: 0.130 Thread 0x000001da356430f0 nmethod 377 0x000001da1eb08e90 code [0x000001da1eb09060, 0x000001da1eb093a8]
Event: 0.130 Thread 0x000001da356430f0  371       3       java.util.ArrayList::add (25 bytes)
Event: 0.130 Thread 0x000001da35992dd0 nmethod 363 0x000001da2657d190 code [0x000001da2657d320, 0x000001da2657d3a0]
Event: 0.130 Thread 0x000001da35992dd0  366       4       java.io.StreamTokenizer::read (38 bytes)
Event: 0.130 Thread 0x000001da356430f0 nmethod 371 0x000001da1eb09590 code [0x000001da1eb09760, 0x000001da1eb09b90]
Event: 0.131 Thread 0x000001da356430f0  379       1       java.security.CodeSource::getLocation (5 bytes)
Event: 0.131 Thread 0x000001da356430f0 nmethod 379 0x000001da2657d490 code [0x000001da2657d620, 0x000001da2657d6f0]
Event: 0.131 Thread 0x000001da356430f0  358       1       java.net.URL::getProtocol (5 bytes)
Event: 0.131 Thread 0x000001da356430f0 nmethod 358 0x000001da2657d790 code [0x000001da2657d920, 0x000001da2657d9f0]
Event: 0.131 Thread 0x000001da356430f0  380       1       jdk.internal.loader.BuiltinClassLoader$LoadedModule::loader (5 bytes)
Event: 0.131 Thread 0x000001da356430f0 nmethod 380 0x000001da2657da90 code [0x000001da2657dc20, 0x000001da2657dcf0]

GC Heap History (2 events):
Event: 0.096 GC heap before
{Heap before GC invocations=0 (full 0):
 garbage-first heap   total 8192K, used 2048K [0x0000000704400000, 0x0000000800000000)
  region size 2048K, 1 young (2048K), 0 survivors (0K)
 Metaspace       used 575K, committed 704K, reserved 1114112K
  class space    used 58K, committed 128K, reserved 1048576K
}
Event: 0.099 GC heap after
{Heap after GC invocations=1 (full 0):
 garbage-first heap   total 8192K, used 896K [0x0000000704400000, 0x0000000800000000)
  region size 2048K, 1 young (2048K), 1 survivors (2048K)
 Metaspace       used 575K, committed 704K, reserved 1114112K
  class space    used 58K, committed 128K, reserved 1048576K
}

Dll operation events (5 events):
Event: 0.010 Loaded shared library c:\Users\KRISHNANSOURAV\.vscode\extensions\redhat.java-1.53.0-win32-x64\jre\21.0.10-win32-x86_64\bin\java.dll
Event: 0.044 Loaded shared library c:\Users\KRISHNANSOURAV\.vscode\extensions\redhat.java-1.53.0-win32-x64\jre\21.0.10-win32-x86_64\bin\zip.dll
Event: 0.055 Loaded shared library C:\Users\KRISHNANSOURAV\.vscode\extensions\redhat.java-1.53.0-win32-x64\jre\21.0.10-win32-x86_64\bin\jimage.dll
Event: 0.061 Loaded shared library C:\Users\KRISHNANSOURAV\.vscode\extensions\redhat.java-1.53.0-win32-x64\jre\21.0.10-win32-x86_64\bin\zip.dll
Event: 0.073 Loaded shared library C:\Users\KRISHNANSOURAV\.vscode\extensions\redhat.java-1.53.0-win32-x64\jre\21.0.10-win32-x86_64\bin\attach.dll

Deoptimization events (4 events):
Event: 0.065 Thread 0x000001da1b88ac60 Uncommon trap: trap_request=0xffffff45 fr.pc=0x000001da265635ec relative=0x00000000000000cc
Event: 0.065 Thread 0x000001da1b88ac60 Uncommon trap: reason=unstable_if action=reinterpret pc=0x000001da265635ec method=java.lang.String.hashCode()I @ 42 c2
Event: 0.065 Thread 0x000001da1b88ac60 DEOPT PACKING pc=0x000001da265635ec sp=0x000000d52eafd5b0
Event: 0.065 Thread 0x000001da1b88ac60 DEOPT UNPACKING pc=0x000001da26017ba2 sp=0x000000d52eafd548 mode 2

Classes loaded (20 events):
Event: 0.117 Loading class java/io/BufferedReader done
Event: 0.117 Loading class sun/net/www/protocol/jrt/JavaRuntimeURLConnection
Event: 0.118 Loading class sun/net/www/URLConnection
Event: 0.118 Loading class java/net/URLConnection
Event: 0.118 Loading class java/net/URLConnection done
Event: 0.118 Loading class sun/net/www/URLConnection done
Event: 0.118 Loading class sun/net/www/protocol/jrt/JavaRuntimeURLConnection done
Event: 0.119 Loading class sun/net/www/MessageHeader
Event: 0.119 Loading class sun/net/www/MessageHeader done
Event: 0.119 Loading class sun/net/www/protocol/jrt/JavaRuntimeURLConnection$1
Event: 0.119 Loading class sun/net/www/protocol/jrt/JavaRuntimeURLConnection$1 done
Event: 0.120 Loading class sun/nio/cs/StreamDecoder
Event: 0.120 Loading class sun/nio/cs/StreamDecoder done
Event: 0.120 Loading class sun/nio/cs/UTF_8$Decoder
Event: 0.120 Loading class sun/nio/cs/UTF_8$Decoder done
Event: 0.120 Loading class java/io/StreamTokenizer
Event: 0.120 Loading class java/io/StreamTokenizer done
Event: 0.130 Loading class java/lang/SecurityException
Event: 0.130 Loading class java/lang/SecurityException done
Event: 0.131 Loading class java/lang/ProcessHandle

Classes unloaded (0 events):
No events

Classes redefined (0 events):
No events

Internal exceptions (4 events):
Event: 0.102 Thread 0x000001da1b88ac60 Exception <a 'java/lang/NoSuchMethodError'{0x0000000704a1fba0}: 'java.lang.Object java.lang.invoke.DirectMethodHandle$Holder.newInvokeSpecial(java.lang.Object, java.lang.Object, int)'> (0x0000000704a1fba0) 
thrown [s\src\hotspot\share\interpreter\linkResolver.cpp, line 773]
Event: 0.103 Thread 0x000001da1b88ac60 Exception <a 'java/lang/NoSuchMethodError'{0x0000000704a256a8}: 'int java.lang.invoke.DirectMethodHandle$Holder.invokeSpecial(java.lang.Object, java.lang.Object, java.lang.Object, int)'> (0x0000000704a256a8) 
thrown [s\src\hotspot\share\interpreter\linkResolver.cpp, line 773]
Event: 0.105 Thread 0x000001da1b88ac60 Exception <a 'java/lang/NoSuchMethodError'{0x0000000704a3d2e8}: 'java.lang.Object java.lang.invoke.DirectMethodHandle$Holder.invokeStatic(java.lang.Object, java.lang.Object, java.lang.Object, java.lang.Object, int)'> (0x0000000704a3d2e8) 
thrown [s\src\hotspot\share\interpreter\linkResolver.cpp, line 773]
Event: 0.107 Thread 0x000001da1b88ac60 Exception <a 'java/lang/NoSuchMethodError'{0x0000000704a4c6d8}: 'int java.lang.invoke.DirectMethodHandle$Holder.invokeSpecial(java.lang.Object, java.lang.Object, java.lang.Object)'> (0x0000000704a4c6d8) 
thrown [s\src\hotspot\share\interpreter\linkResolver.cpp, line 773]

ZGC Phase Switch (0 events):
No events

VM Operations (2 events):
Event: 0.096 Executing safepoint VM operation: G1CollectForAllocation (G1 Evacuation Pause)
Event: 0.099 Executing safepoint VM operation: G1CollectForAllocation (G1 Evacuation Pause) done

Memory protections (0 events):
No events

Nmethod flushes (0 events):
No events

Events (13 events):
Event: 0.023 Thread 0x000001da1b88ac60 Thread added: 0x000001da1b88ac60
Event: 0.034 Thread 0x000001da1b88ac60 Thread added: 0x000001da3562df40
Event: 0.034 Thread 0x000001da1b88ac60 Thread added: 0x000001da35631d80
Event: 0.034 Thread 0x000001da1b88ac60 Thread added: 0x000001da35633f60
Event: 0.034 Thread 0x000001da1b88ac60 Thread added: 0x000001da356349c0
Event: 0.034 Thread 0x000001da1b88ac60 Thread added: 0x000001da35635420
Event: 0.034 Thread 0x000001da1b88ac60 Thread added: 0x000001da35635fb0
Event: 0.034 Thread 0x000001da1b88ac60 Thread added: 0x000001da35637880
Event: 0.035 Thread 0x000001da1b88ac60 Thread added: 0x000001da356430f0
Event: 0.052 Thread 0x000001da1b88ac60 Thread added: 0x000001da35781520
Event: 0.061 Thread 0x000001da1b88ac60 Thread added: 0x000001da357b2fb0
Event: 0.127 Thread 0x000001da356430f0 Thread added: 0x000001da35992dd0
Event: 0.127 Thread 0x000001da356430f0 Thread added: 0x000001da3599d590


Dynamic libraries:
0x00007ff608620000 - 0x00007ff608628000 	c:\Users\KRISHNANSOURAV\.vscode\extensions\redhat.java-1.53.0-win32-x64\jre\21.0.10-win32-x86_64\bin\jcmd.exe
0x00007ffc08870000 - 0x00007ffc08a87000 	C:\WINDOWS\SYSTEM32\ntdll.dll
0x00007ffc071c0000 - 0x00007ffc07284000 	C:\WINDOWS\System32\KERNEL32.DLL
0x00007ffc05fb0000 - 0x00007ffc06382000 	C:\WINDOWS\System32\KERNELBASE.dll
0x00007ffc05b70000 - 0x00007ffc05c81000 	C:\WINDOWS\System32\ucrtbase.dll
0x00007ffbf4920000 - 0x00007ffbf493e000 	c:\Users\KRISHNANSOURAV\.vscode\extensions\redhat.java-1.53.0-win32-x64\jre\21.0.10-win32-x86_64\bin\VCRUNTIME140.dll
0x00007ffbf48c0000 - 0x00007ffbf48d8000 	c:\Users\KRISHNANSOURAV\.vscode\extensions\redhat.java-1.53.0-win32-x64\jre\21.0.10-win32-x86_64\bin\jli.dll
0x00007ffc07690000 - 0x00007ffc07841000 	C:\WINDOWS\System32\USER32.dll
0x00007ffbecc60000 - 0x00007ffbecefb000 	C:\WINDOWS\WinSxS\amd64_microsoft.windows.common-controls_6595b64144ccf1df_6.0.22621.5547_none_27104afb73855772\COMCTL32.dll
0x00007ffc06450000 - 0x00007ffc06476000 	C:\WINDOWS\System32\win32u.dll
0x00007ffc08780000 - 0x00007ffc08827000 	C:\WINDOWS\System32\msvcrt.dll
0x00007ffc08600000 - 0x00007ffc08629000 	C:\WINDOWS\System32\GDI32.dll
0x00007ffc05d10000 - 0x00007ffc05e33000 	C:\WINDOWS\System32\gdi32full.dll
0x00007ffc05960000 - 0x00007ffc059fa000 	C:\WINDOWS\System32\msvcp_win.dll
0x00007ffc08630000 - 0x00007ffc08661000 	C:\WINDOWS\System32\IMM32.DLL
0x00007ffbfff00000 - 0x00007ffbfff0c000 	c:\Users\KRISHNANSOURAV\.vscode\extensions\redhat.java-1.53.0-win32-x64\jre\21.0.10-win32-x86_64\bin\vcruntime140_1.dll
0x00007ffbdf190000 - 0x00007ffbdf21d000 	c:\Users\KRISHNANSOURAV\.vscode\extensions\redhat.java-1.53.0-win32-x64\jre\21.0.10-win32-x86_64\bin\msvcp140.dll
0x00007ffb73290000 - 0x00007ffb74031000 	c:\Users\KRISHNANSOURAV\.vscode\extensions\redhat.java-1.53.0-win32-x64\jre\21.0.10-win32-x86_64\bin\server\jvm.dll
0x00007ffc06a10000 - 0x00007ffc06ac1000 	C:\WINDOWS\System32\ADVAPI32.dll
0x00007ffc066a0000 - 0x00007ffc06748000 	C:\WINDOWS\System32\sechost.dll
0x00007ffc05e40000 - 0x00007ffc05e68000 	C:\WINDOWS\System32\bcrypt.dll
0x00007ffc07570000 - 0x00007ffc07684000 	C:\WINDOWS\System32\RPCRT4.dll
0x00007ffc07460000 - 0x00007ffc074d1000 	C:\WINDOWS\System32\WS2_32.dll
0x00007ffc047e0000 - 0x00007ffc0482d000 	C:\WINDOWS\SYSTEM32\POWRPROF.dll
0x00007ffc03400000 - 0x00007ffc03434000 	C:\WINDOWS\SYSTEM32\WINMM.dll
0x00007ffbfd4c0000 - 0x00007ffbfd4ca000 	C:\WINDOWS\SYSTEM32\VERSION.dll
0x00007ffc047c0000 - 0x00007ffc047d3000 	C:\WINDOWS\SYSTEM32\UMPDC.dll
0x00007ffc04a80000 - 0x00007ffc04a98000 	C:\WINDOWS\SYSTEM32\kernel.appcore.dll
0x00007ffbff690000 - 0x00007ffbff69a000 	c:\Users\KRISHNANSOURAV\.vscode\extensions\redhat.java-1.53.0-win32-x64\jre\21.0.10-win32-x86_64\bin\jimage.dll
0x00007ffc03040000 - 0x00007ffc03273000 	C:\WINDOWS\SYSTEM32\DBGHELP.DLL
0x00007ffc06ad0000 - 0x00007ffc06e63000 	C:\WINDOWS\System32\combase.dll
0x00007ffc06f30000 - 0x00007ffc07007000 	C:\WINDOWS\System32\OLEAUT32.dll
0x00007ffc033c0000 - 0x00007ffc033f2000 	C:\WINDOWS\SYSTEM32\dbgcore.DLL
0x00007ffc05c90000 - 0x00007ffc05d0b000 	C:\WINDOWS\System32\bcryptPrimitives.dll
0x00007ffbf2920000 - 0x00007ffbf2940000 	c:\Users\KRISHNANSOURAV\.vscode\extensions\redhat.java-1.53.0-win32-x64\jre\21.0.10-win32-x86_64\bin\java.dll
0x00007ffc07d40000 - 0x00007ffc085e2000 	C:\WINDOWS\System32\SHELL32.dll
0x00007ffc05e70000 - 0x00007ffc05faf000 	C:\WINDOWS\System32\wintypes.dll
0x00007ffc03850000 - 0x00007ffc0416d000 	C:\WINDOWS\SYSTEM32\windows.storage.dll
0x00007ffc07350000 - 0x00007ffc0745c000 	C:\WINDOWS\System32\SHCORE.dll
0x00007ffc072e0000 - 0x00007ffc07349000 	C:\WINDOWS\System32\shlwapi.dll
0x00007ffc05890000 - 0x00007ffc058bb000 	C:\WINDOWS\SYSTEM32\profapi.dll
0x00007ffbed560000 - 0x00007ffbed578000 	c:\Users\KRISHNANSOURAV\.vscode\extensions\redhat.java-1.53.0-win32-x64\jre\21.0.10-win32-x86_64\bin\zip.dll
0x00007ffc00b60000 - 0x00007ffc00b69000 	C:\Users\KRISHNANSOURAV\.vscode\extensions\redhat.java-1.53.0-win32-x64\jre\21.0.10-win32-x86_64\bin\attach.dll
0x00007ffc06f20000 - 0x00007ffc06f28000 	C:\WINDOWS\System32\PSAPI.DLL

JVMTI agents: none

dbghelp: loaded successfully - version: 4.0.5 - missing functions: none
symbol engine: initialized successfully - sym options: 0x614 - pdb path: .;c:\Users\KRISHNANSOURAV\.vscode\extensions\redhat.java-1.53.0-win32-x64\jre\21.0.10-win32-x86_64\bin;C:\WINDOWS\SYSTEM32;C:\WINDOWS\WinSxS\amd64_microsoft.windows.common-controls_6595b64144ccf1df_6.0.22621.5547_none_27104afb73855772;c:\Users\KRISHNANSOURAV\.vscode\extensions\redhat.java-1.53.0-win32-x64\jre\21.0.10-win32-x86_64\bin\server

VM Arguments:
jvm_args: -Dapplication.home=c:\Users\KRISHNANSOURAV\.vscode\extensions\redhat.java-1.53.0-win32-x64\jre\21.0.10-win32-x86_64 -Xms8m -Djdk.module.main=jdk.jcmd 
java_command: jdk.jcmd/sun.tools.jcmd.JCmd 15132 VM.uptime
java_class_path (initial): <not set>
Launcher Type: SUN_STANDARD

[Global flags]
     intx CICompilerCount                          = 4                                         {product} {ergonomic}
     uint ConcGCThreads                            = 2                                         {product} {ergonomic}
     uint G1ConcRefinementThreads                  = 8                                         {product} {ergonomic}
   size_t G1HeapRegionSize                         = 2097152                                   {product} {ergonomic}
    uintx GCDrainStackTargetSize                   = 64                                        {product} {ergonomic}
   size_t InitialHeapSize                          = 8388608                                   {product} {command line}
   size_t MarkStackSize                            = 4194304                                   {product} {ergonomic}
   size_t MaxHeapSize                              = 4223664128                                {product} {ergonomic}
   size_t MaxNewSize                               = 2533359616                                {product} {ergonomic}
   size_t MinHeapDeltaBytes                        = 2097152                                   {product} {ergonomic}
   size_t MinHeapSize                              = 8388608                                   {product} {command line}
    uintx NonNMethodCodeHeapSize                   = 5839372                                {pd product} {ergonomic}
    uintx NonProfiledCodeHeapSize                  = 122909434                              {pd product} {ergonomic}
    uintx ProfiledCodeHeapSize                     = 122909434                              {pd product} {ergonomic}
    uintx ReservedCodeCacheSize                    = 251658240                              {pd product} {ergonomic}
     bool SegmentedCodeCache                       = true                                      {product} {ergonomic}
   size_t SoftMaxHeapSize                          = 4223664128                             {manageable} {ergonomic}
     bool UseCompressedOops                        = true                           {product lp64_product} {ergonomic}
     bool UseG1GC                                  = true                                      {product} {ergonomic}
     bool UseLargePagesIndividualAllocation        = false                                  {pd product} {ergonomic}

Logging:
Log output configuration:
 #0: stdout all=warning uptime,level,tags foldmultilines=false
 #1: stderr all=off uptime,level,tags foldmultilines=false

Release file:
<release file has not been read>
Environment Variables:
PATH=C:\Users\KRISHNANSOURAV\AppData\Local\Programs\Microsoft VS Code;D:\Vmware\bin\;C:\Program Files\Eclipse Adoptium\jdk-25.0.1.8-hotspot\bin;C:\WINDOWS\system32;C:\WINDOWS;C:\WINDOWS\System32\Wbem;C:\WINDOWS\System32\WindowsPowerShell\v1.0\;C:\WINDOWS\System32\OpenSSH\;C:\Program Files\Git\cmd;C:\Program Files\nodejs\;C:\Program Files\Apache\Maven\apache-maven-3.9.11\bin;D:\Rust\.cargo\bin;C:\Program Files\PuTTY\;C:\Snort\bin;C:\Program Files\Cloudflare\Cloudflare WARP\;C:\Program Files\Common Files\Oracle\Java\javapath;C:\WINDOWS\system32;C:\WINDOWS;C:\WINDOWS\System32\Wbem;C:\WINDOWS\System32\WindowsPowerShell\v1.0\;C:\WINDOWS\System32\OpenSSH\;C:\Program Files\Git\cmd;C:\Program Files\nodejs\;C:\Program Files\Apache\Maven\apache-maven-3.9.11\bin;C:\Users\KRISHNANSOURAV\.cargo\bin;C:\Users\KRISHNANSOURAV\.cargo\bin;C:\Users\KRISHNANSOURAV\AppData\Local\Microsoft\WindowsApps;C:\Users\KRISHNANSOURAV\AppData\Local\Programs\Microsoft VS Code\bin;C:\Users\KRISHNANSOURAV\Downloads\flutter_windows_2.10.2-stable.zip;C:\flutter\bin;D:\flutter\bin;C:\Program Files\sfdx\bin;C:\Users\KRISHNANSOURAV\AppData\Roaming\npm;C:\Program Files\PostgreSQL\16\bin;D:\Rust\.cargo\bin;C:\Users\KRISHNANSOURAV\AppData\Local\Python\bin
USERNAME=KRISHNANSOURAV
OS=Windows_NT
PROCESSOR_IDENTIFIER=Intel64 Family 6 Model 140 Stepping 1, GenuineIntel
TMP=D:\Temp
TEMP=D:\Temp




Periodic native trim disabled

---------------  S Y S T E M  ---------------

OS:
 Windows 11 , 64 bit Build 22621 (10.0.22621.5415)
OS uptime: 60 days 16:06 hours
Hyper-V role detected

CPU: total 8 (initial active 8) (4 cores per cpu, 2 threads per core) family 6 model 140 stepping 1 microcode 0xb8, cx8, cmov, fxsr, ht, mmx, 3dnowpref, sse, sse2, sse3, ssse3, sse4.1, sse4.2, popcnt, lzcnt, tsc, tscinvbit, avx, avx2, aes, erms, clmul, bmi1, bmi2, adx, avx512f, avx512dq, avx512cd, avx512bw, avx512vl, sha, fma, vzeroupper, avx512_vpopcntdq, avx512_vpclmulqdq, avx512_vaes, avx512_vnni, clflush, clflushopt, clwb, avx512_vbmi2, avx512_vbmi, hv, rdtscp, rdpid, fsrm, gfni, avx512_bitalg, f16c, cet_ibt, cet_ss, avx512_ifma
Processor Information for processor 0
  Max Mhz: 1690, Current Mhz: 1690, Mhz Limit: 1690
Processor Information for processor 1
  Max Mhz: 1690, Current Mhz: 1690, Mhz Limit: 1690
Processor Information for processor 2
  Max Mhz: 1690, Current Mhz: 1690, Mhz Limit: 1690
Processor Information for processor 3
  Max Mhz: 1690, Current Mhz: 1690, Mhz Limit: 1690
Processor Information for processor 4
  Max Mhz: 1690, Current Mhz: 994, Mhz Limit: 1690
Processor Information for processor 5
  Max Mhz: 1690, Current Mhz: 1690, Mhz Limit: 1690
Processor Information for processor 6
  Max Mhz: 1690, Current Mhz: 994, Mhz Limit: 1690
Processor Information for processor 7
  Max Mhz: 1690, Current Mhz: 1690, Mhz Limit: 1690

Memory: 4k page, system-wide physical 16106M (2342M free)
TotalPageFile size 20970M (AvailPageFile size 21M)
current process WorkingSet (physical memory assigned to process): 42M, peak: 42M
current process commit charge ("private bytes"): 89M, peak: 89M

vm_info: OpenJDK 64-Bit Server VM (21.0.10+7-LTS) for windows-amd64 JRE (21.0.10+7-LTS), built on 2026-01-20T00:00:00Z by "admin" with MS VC++ 17.12 (VS2022)

END.
