#
# There is insufficient memory for the Java Runtime Environment to continue.
# Native memory allocation (malloc) failed to allocate 262144 bytes. Error detail: AllocateHeap
# Possible reasons:
#   The system is out of physical RAM or swap space
#   This process is running with CompressedOops enabled, and the Java Heap may be blocking the growth of the native heap
# Possible solutions:
#   Reduce memory load on the system
#   Increase physical memory or swap space
#   Check if swap backing store is full
#   Decrease Java heap size (-Xmx/-Xms)
#   Decrease number of Java threads
#   Decrease Java thread stack sizes (-Xss)
#   Set larger code cache with -XX:ReservedCodeCacheSize=
#   JVM is running with Zero Based Compressed Oops mode in which the Java heap is
#     placed in the first 32GB address space. The Java Heap base address is the
#     maximum limit for the native heap growth. Please use -XX:HeapBaseMinAddress
#     to set the Java Heap base and to place the Java Heap above 32GB virtual address.
# This output file may be truncated or incomplete.
#
#  Out of Memory Error (allocation.cpp:44), pid=22080, tid=15236
#
# JRE version:  (21.0.10+7) (build )
# Java VM: OpenJDK 64-Bit Server VM (21.0.10+7-LTS, mixed mode, tiered, compressed oops, compressed class ptrs, g1 gc, windows-amd64)
# No core dump will be written. Minidumps are not enabled by default on client versions of Windows
#

---------------  S U M M A R Y ------------

Command Line: -Dapplication.home=c:\Users\KRISHNANSOURAV\.vscode\extensions\redhat.java-1.53.0-win32-x64\jre\21.0.10-win32-x86_64 -Xms8m -Djdk.module.main=jdk.jcmd jdk.jcmd/sun.tools.jcmd.JCmd 12132 VM.uptime

Host: 11th Gen Intel(R) Core(TM) i7-1165G7 @ 2.80GHz, 8 cores, 15G,  Windows 11 , 64 bit Build 22621 (10.0.22621.5415)
Time: Sat Mar 28 11:55:05 2026 India Standard Time elapsed time: 0.040956 seconds (0d 0h 0m 0s)

---------------  T H R E A D  ---------------

Current thread (0x00000200a16c9c90):  JavaThread "Unknown thread" [_thread_in_vm, id=15236, stack(0x000000c49a300000,0x000000c49a400000) (1024K)]

Stack: [0x000000c49a300000,0x000000c49a400000]
Native frames: (J=compiled Java code, j=interpreted, Vv=VM code, C=native code)
V  [jvm.dll+0x6d7a39]
V  [jvm.dll+0x8b4b26]
V  [jvm.dll+0x8b70de]
V  [jvm.dll+0x8b77c3]
V  [jvm.dll+0x284346]
V  [jvm.dll+0xc1277]
V  [jvm.dll+0x7b6340]
V  [jvm.dll+0x8229f8]
V  [jvm.dll+0x87ec4d]
V  [jvm.dll+0x3c4a81]
V  [jvm.dll+0x867d25]
V  [jvm.dll+0x457b31]
V  [jvm.dll+0x459721]
C  [jli.dll+0x52d0]
C  [ucrtbase.dll+0x29333]
C  [KERNEL32.DLL+0x1259d]
C  [ntdll.dll+0x5af78]


---------------  P R O C E S S  ---------------

Threads class SMR info:
_java_thread_list=0x00007ffb73eda1c8, length=0, elements={
}

Java Threads: ( => current thread )
Total: 0

Other Threads:
  0x00000200a17322b0 WorkerThread "GC Thread#0"                     [id=28240, stack(0x000000c49a400000,0x000000c49a500000) (1024K)]
  0x00000200a1742d70 ConcurrentGCThread "G1 Main Marker"            [id=9780, stack(0x000000c49a500000,0x000000c49a600000) (1024K)]
  0x00000200a1743790 WorkerThread "G1 Conc#0"                       [id=23448, stack(0x000000c49a600000,0x000000c49a700000) (1024K)]
  0x00000200a176ad20 ConcurrentGCThread "G1 Refine#0"               [id=2936, stack(0x000000c49a700000,0x000000c49a800000) (1024K)]
  0x00000200a176c970 ConcurrentGCThread "G1 Service"                [id=33100, stack(0x000000c49a800000,0x000000c49a900000) (1024K)]

=>0x00000200a16c9c90 (exited) JavaThread "Unknown thread"    [_thread_in_vm, id=15236, stack(0x000000c49a300000,0x000000c49a400000) (1024K)]
Total: 6

Threads with active compile tasks:
Total: 0

VM state: not at safepoint (not fully initialized)

VM Mutex/Monitor currently owned by a thread: None

Heap address: 0x0000000704400000, size: 4028 MB, Compressed Oops mode: Zero based, Oop shift amount: 3

CDS archive(s) not mapped
Compressed class space mapped at: 0x0000000800000000-0x0000000840000000, reserved size: 1073741824
Narrow klass base: 0x0000000800000000, Narrow klass shift: 0, Narrow klass range: 0x40000000

GC Precious Log:
 CardTable entry size: 512
 Card Set container configuration: InlinePtr #cards 4 size 8 Array Of Cards #cards 16 size 48 Howl #buckets 8 coarsen threshold 3686 Howl Bitmap #cards 512 size 80 coarsen threshold 460 Card regions per heap region 1 cards per card region 4096
 CPUs: 8 total, 8 available
 Memory: 16106M
 Large Page Support: Disabled
 NUMA Support: Disabled
 Compressed Oops: Enabled (Zero based)
 Heap Region Size: 2M
 Heap Min Capacity: 8M
 Heap Initial Capacity: 8M
 Heap Max Capacity: 4028M
 Pre-touch: Disabled
 Parallel Workers: 8
 Concurrent Workers: 2
 Concurrent Refinement Workers: 8
 Periodic GC: Disabled

Heap:
 garbage-first heap   total 8192K, used 0K [0x0000000704400000, 0x0000000800000000)
  region size 2048K, 0 young (0K), 0 survivors (0K)
 Metaspace       used 0K, committed 0K, reserved 1048576K
  class space    used 0K, committed 0K, reserved 1048576K

Heap Regions: E=young(eden), S=young(survivor), O=old, HS=humongous(starts), HC=humongous(continues), CS=collection set, F=free, TAMS=top-at-mark-start, PB=parsable bottom
|   0|0x0000000704400000, 0x0000000704400000, 0x0000000704600000|  0%| F|  |TAMS 0x0000000704400000| PB 0x0000000704400000| Untracked 
|   1|0x0000000704600000, 0x0000000704600000, 0x0000000704800000|  0%| F|  |TAMS 0x0000000704600000| PB 0x0000000704600000| Untracked 
|   2|0x0000000704800000, 0x0000000704800000, 0x0000000704a00000|  0%| F|  |TAMS 0x0000000704800000| PB 0x0000000704800000| Untracked 
|   3|0x0000000704a00000, 0x0000000704a00000, 0x0000000704c00000|  0%| F|  |TAMS 0x0000000704a00000| PB 0x0000000704a00000| Untracked 

Card table byte_map: [0x00000200b43e0000,0x00000200b4bc0000] _byte_map_base: 0x00000200b0bbe000

Marking Bits: (CMBitMap*) 0x00000200a17328d0
 Bits: [0x00000200b4bc0000, 0x00000200b8ab0000)

GC Heap History (0 events):
No events

Dll operation events (1 events):
Event: 0.010 Loaded shared library c:\Users\KRISHNANSOURAV\.vscode\extensions\redhat.java-1.53.0-win32-x64\jre\21.0.10-win32-x86_64\bin\java.dll

Deoptimization events (0 events):
No events

Classes loaded (0 events):
No events

Classes unloaded (0 events):
No events

Classes redefined (0 events):
No events

Internal exceptions (0 events):
No events

ZGC Phase Switch (0 events):
No events

VM Operations (0 events):
No events

Memory protections (0 events):
No events

Nmethod flushes (0 events):
No events

Events (0 events):
No events


Dynamic libraries:
0x00007ff608620000 - 0x00007ff608628000 	c:\Users\KRISHNANSOURAV\.vscode\extensions\redhat.java-1.53.0-win32-x64\jre\21.0.10-win32-x86_64\bin\jcmd.exe
0x00007ffc08870000 - 0x00007ffc08a87000 	C:\WINDOWS\SYSTEM32\ntdll.dll
0x00007ffc071c0000 - 0x00007ffc07284000 	C:\WINDOWS\System32\KERNEL32.DLL
0x00007ffc05fb0000 - 0x00007ffc06382000 	C:\WINDOWS\System32\KERNELBASE.dll
0x00007ffc05b70000 - 0x00007ffc05c81000 	C:\WINDOWS\System32\ucrtbase.dll
0x00007ffbf48c0000 - 0x00007ffbf48d8000 	c:\Users\KRISHNANSOURAV\.vscode\extensions\redhat.java-1.53.0-win32-x64\jre\21.0.10-win32-x86_64\bin\jli.dll
0x00007ffbf4920000 - 0x00007ffbf493e000 	c:\Users\KRISHNANSOURAV\.vscode\extensions\redhat.java-1.53.0-win32-x64\jre\21.0.10-win32-x86_64\bin\VCRUNTIME140.dll
0x00007ffc07690000 - 0x00007ffc07841000 	C:\WINDOWS\System32\USER32.dll
0x00007ffc06450000 - 0x00007ffc06476000 	C:\WINDOWS\System32\win32u.dll
0x00007ffbecc60000 - 0x00007ffbecefb000 	C:\WINDOWS\WinSxS\amd64_microsoft.windows.common-controls_6595b64144ccf1df_6.0.22621.5547_none_27104afb73855772\COMCTL32.dll
0x00007ffc08600000 - 0x00007ffc08629000 	C:\WINDOWS\System32\GDI32.dll
0x00007ffc08780000 - 0x00007ffc08827000 	C:\WINDOWS\System32\msvcrt.dll
0x00007ffc05d10000 - 0x00007ffc05e33000 	C:\WINDOWS\System32\gdi32full.dll
0x00007ffc05960000 - 0x00007ffc059fa000 	C:\WINDOWS\System32\msvcp_win.dll
0x00007ffc08630000 - 0x00007ffc08661000 	C:\WINDOWS\System32\IMM32.DLL
0x00007ffbfff00000 - 0x00007ffbfff0c000 	c:\Users\KRISHNANSOURAV\.vscode\extensions\redhat.java-1.53.0-win32-x64\jre\21.0.10-win32-x86_64\bin\vcruntime140_1.dll
0x00007ffbdf190000 - 0x00007ffbdf21d000 	c:\Users\KRISHNANSOURAV\.vscode\extensions\redhat.java-1.53.0-win32-x64\jre\21.0.10-win32-x86_64\bin\msvcp140.dll
0x00007ffb73290000 - 0x00007ffb74031000 	c:\Users\KRISHNANSOURAV\.vscode\extensions\redhat.java-1.53.0-win32-x64\jre\21.0.10-win32-x86_64\bin\server\jvm.dll
0x00007ffc06a10000 - 0x00007ffc06ac1000 	C:\WINDOWS\System32\ADVAPI32.dll
0x00007ffc066a0000 - 0x00007ffc06748000 	C:\WINDOWS\System32\sechost.dll
0x00007ffc05e40000 - 0x00007ffc05e68000 	C:\WINDOWS\System32\bcrypt.dll
0x00007ffc07570000 - 0x00007ffc07684000 	C:\WINDOWS\System32\RPCRT4.dll
0x00007ffc07460000 - 0x00007ffc074d1000 	C:\WINDOWS\System32\WS2_32.dll
0x00007ffc047e0000 - 0x00007ffc0482d000 	C:\WINDOWS\SYSTEM32\POWRPROF.dll
0x00007ffc03400000 - 0x00007ffc03434000 	C:\WINDOWS\SYSTEM32\WINMM.dll
0x00007ffbfd4c0000 - 0x00007ffbfd4ca000 	C:\WINDOWS\SYSTEM32\VERSION.dll
0x00007ffc047c0000 - 0x00007ffc047d3000 	C:\WINDOWS\SYSTEM32\UMPDC.dll
0x00007ffc04a80000 - 0x00007ffc04a98000 	C:\WINDOWS\SYSTEM32\kernel.appcore.dll
0x00007ffbff690000 - 0x00007ffbff69a000 	c:\Users\KRISHNANSOURAV\.vscode\extensions\redhat.java-1.53.0-win32-x64\jre\21.0.10-win32-x86_64\bin\jimage.dll
0x00007ffc03040000 - 0x00007ffc03273000 	C:\WINDOWS\SYSTEM32\DBGHELP.DLL
0x00007ffc06ad0000 - 0x00007ffc06e63000 	C:\WINDOWS\System32\combase.dll
0x00007ffc06f30000 - 0x00007ffc07007000 	C:\WINDOWS\System32\OLEAUT32.dll
0x00007ffc033c0000 - 0x00007ffc033f2000 	C:\WINDOWS\SYSTEM32\dbgcore.DLL
0x00007ffc05c90000 - 0x00007ffc05d0b000 	C:\WINDOWS\System32\bcryptPrimitives.dll
0x00007ffbf2920000 - 0x00007ffbf2940000 	c:\Users\KRISHNANSOURAV\.vscode\extensions\redhat.java-1.53.0-win32-x64\jre\21.0.10-win32-x86_64\bin\java.dll

JVMTI agents: none

dbghelp: loaded successfully - version: 4.0.5 - missing functions: none
symbol engine: initialized successfully - sym options: 0x614 - pdb path: .;c:\Users\KRISHNANSOURAV\.vscode\extensions\redhat.java-1.53.0-win32-x64\jre\21.0.10-win32-x86_64\bin;C:\WINDOWS\SYSTEM32;C:\WINDOWS\WinSxS\amd64_microsoft.windows.common-controls_6595b64144ccf1df_6.0.22621.5547_none_27104afb73855772;c:\Users\KRISHNANSOURAV\.vscode\extensions\redhat.java-1.53.0-win32-x64\jre\21.0.10-win32-x86_64\bin\server

VM Arguments:
jvm_args: -Dapplication.home=c:\Users\KRISHNANSOURAV\.vscode\extensions\redhat.java-1.53.0-win32-x64\jre\21.0.10-win32-x86_64 -Xms8m -Djdk.module.main=jdk.jcmd 
java_command: jdk.jcmd/sun.tools.jcmd.JCmd 12132 VM.uptime
java_class_path (initial): <not set>
Launcher Type: SUN_STANDARD

[Global flags]
     intx CICompilerCount                          = 4                                         {product} {ergonomic}
     uint ConcGCThreads                            = 2                                         {product} {ergonomic}
     uint G1ConcRefinementThreads                  = 8                                         {product} {ergonomic}
   size_t G1HeapRegionSize                         = 2097152                                   {product} {ergonomic}
    uintx GCDrainStackTargetSize                   = 64                                        {product} {ergonomic}
   size_t InitialHeapSize                          = 8388608                                   {product} {command line}
   size_t MarkStackSize                            = 4194304                                   {product} {ergonomic}
   size_t MaxHeapSize                              = 4223664128                                {product} {ergonomic}
   size_t MaxNewSize                               = 2533359616                                {product} {ergonomic}
   size_t MinHeapDeltaBytes                        = 2097152                                   {product} {ergonomic}
   size_t MinHeapSize                              = 8388608                                   {product} {command line}
    uintx NonNMethodCodeHeapSize                   = 5839372                                {pd product} {ergonomic}
    uintx NonProfiledCodeHeapSize                  = 122909434                              {pd product} {ergonomic}
    uintx ProfiledCodeHeapSize                     = 122909434                              {pd product} {ergonomic}
    uintx ReservedCodeCacheSize                    = 251658240                              {pd product} {ergonomic}
     bool SegmentedCodeCache                       = true                                      {product} {ergonomic}
   size_t SoftMaxHeapSize                          = 4223664128                             {manageable} {ergonomic}
     bool UseCompressedOops                        = true                           {product lp64_product} {ergonomic}
     bool UseG1GC                                  = true                                      {product} {ergonomic}
     bool UseLargePagesIndividualAllocation        = false                                  {pd product} {ergonomic}

Logging:
Log output configuration:
 #0: stdout all=warning uptime,level,tags foldmultilines=false
 #1: stderr all=off uptime,level,tags foldmultilines=false

Release file:
<release file has not been read>
Environment Variables:
PATH=C:\Users\KRISHNANSOURAV\AppData\Local\Programs\Microsoft VS Code;D:\Vmware\bin\;C:\Program Files\Eclipse Adoptium\jdk-25.0.1.8-hotspot\bin;C:\WINDOWS\system32;C:\WINDOWS;C:\WINDOWS\System32\Wbem;C:\WINDOWS\System32\WindowsPowerShell\v1.0\;C:\WINDOWS\System32\OpenSSH\;C:\Program Files\Git\cmd;C:\Program Files\nodejs\;C:\Program Files\Apache\Maven\apache-maven-3.9.11\bin;D:\Rust\.cargo\bin;C:\Program Files\PuTTY\;C:\Snort\bin;C:\Program Files\Cloudflare\Cloudflare WARP\;C:\Program Files\Common Files\Oracle\Java\javapath;C:\WINDOWS\system32;C:\WINDOWS;C:\WINDOWS\System32\Wbem;C:\WINDOWS\System32\WindowsPowerShell\v1.0\;C:\WINDOWS\System32\OpenSSH\;C:\Program Files\Git\cmd;C:\Program Files\nodejs\;C:\Program Files\Apache\Maven\apache-maven-3.9.11\bin;C:\Users\KRISHNANSOURAV\.cargo\bin;C:\Users\KRISHNANSOURAV\.cargo\bin;C:\Users\KRISHNANSOURAV\AppData\Local\Microsoft\WindowsApps;C:\Users\KRISHNANSOURAV\AppData\Local\Programs\Microsoft VS Code\bin;C:\Users\KRISHNANSOURAV\Downloads\flutter_windows_2.10.2-stable.zip;C:\flutter\bin;D:\flutter\bin;C:\Program Files\sfdx\bin;C:\Users\KRISHNANSOURAV\AppData\Roaming\npm;C:\Program Files\PostgreSQL\16\bin;D:\Rust\.cargo\bin;C:\Users\KRISHNANSOURAV\AppData\Local\Python\bin
USERNAME=KRISHNANSOURAV
OS=Windows_NT
PROCESSOR_IDENTIFIER=Intel64 Family 6 Model 140 Stepping 1, GenuineIntel
TMP=D:\Temp
TEMP=D:\Temp




Periodic native trim disabled

---------------  S Y S T E M  ---------------

OS:
 Windows 11 , 64 bit Build 22621 (10.0.22621.5415)
OS uptime: 60 days 16:04 hours
Hyper-V role detected

CPU: total 8 (initial active 8) (4 cores per cpu, 2 threads per core) family 6 model 140 stepping 1 microcode 0xb8, cx8, cmov, fxsr, ht, mmx, 3dnowpref, sse, sse2, sse3, ssse3, sse4.1, sse4.2, popcnt, lzcnt, tsc, tscinvbit, avx, avx2, aes, erms, clmul, bmi1, bmi2, adx, avx512f, avx512dq, avx512cd, avx512bw, avx512vl, sha, fma, vzeroupper, avx512_vpopcntdq, avx512_vpclmulqdq, avx512_vaes, avx512_vnni, clflush, clflushopt, clwb, avx512_vbmi2, avx512_vbmi, hv, rdtscp, rdpid, fsrm, gfni, avx512_bitalg, f16c, cet_ibt, cet_ss, avx512_ifma
Processor Information for processor 0
  Max Mhz: 1690, Current Mhz: 1690, Mhz Limit: 1690
Processor Information for processor 1
  Max Mhz: 1690, Current Mhz: 1690, Mhz Limit: 1690
Processor Information for processor 2
  Max Mhz: 1690, Current Mhz: 1690, Mhz Limit: 1690
Processor Information for processor 3
  Max Mhz: 1690, Current Mhz: 994, Mhz Limit: 1690
Processor Information for processor 4
  Max Mhz: 1690, Current Mhz: 994, Mhz Limit: 1690
Processor Information for processor 5
  Max Mhz: 1690, Current Mhz: 1690, Mhz Limit: 1690
Processor Information for processor 6
  Max Mhz: 1690, Current Mhz: 1690, Mhz Limit: 1690
Processor Information for processor 7
  Max Mhz: 1690, Current Mhz: 1690, Mhz Limit: 1690

Memory: 4k page, system-wide physical 16106M (2384M free)
TotalPageFile size 20970M (AvailPageFile size 4M)
current process WorkingSet (physical memory assigned to process): 11M, peak: 11M
current process commit charge ("private bytes"): 68M, peak: 73M

vm_info: OpenJDK 64-Bit Server VM (21.0.10+7-LTS) for windows-amd64 JRE (21.0.10+7-LTS), built on 2026-01-20T00:00:00Z by "admin" with MS VC++ 17.12 (VS2022)

END.
